{
  "stats": {
    "suites": 1,
    "tests": 8,
    "passes": 8,
    "pending": 0,
    "failures": 0,
    "start": "2020-10-29T10:41:56.319Z",
    "end": "2020-10-29T10:42:29.914Z",
    "duration": 33595,
    "testsRegistered": 8,
    "passPercent": 100,
    "pendingPercent": 0,
    "other": 0,
    "hasOther": false,
    "skipped": 0,
    "hasSkipped": false
  },
  "results": [
    {
      "uuid": "0225fb79-4514-46ca-8cd5-5b712ff565b7",
      "title": "",
      "fullFile": "cypress/integration/assignment1-test-suite.spec.js",
      "file": "cypress/integration/assignment1-test-suite.spec.js",
      "beforeHooks": [],
      "afterHooks": [],
      "tests": [],
      "suites": [
        {
          "uuid": "6ded940c-82f6-463a-9497-83d3dc66ab02",
          "title": "Assignment1 test suite",
          "fullFile": "",
          "file": "",
          "beforeHooks": [],
          "afterHooks": [],
          "tests": [
            {
              "title": "TC01-Create room",
              "fullTitle": "Assignment1 test suite TC01-Create room",
              "timedOut": null,
              "duration": 3187,
              "state": "passed",
              "speed": "slow",
              "pass": true,
              "fail": false,
              "pending": false,
              "context": null,
              "code": "dashboardFuncs.navigateToRoomPage(cy, 'Create Room');\nroomOverviewFuncs.navigateToCreateRoom(cy, 'New Room');\nnewRoomFuncs.createRoom(cy, 'Create Room');",
              "err": {},
              "uuid": "be94ef7f-7ceb-477a-8982-07ad580a09e9",
              "parentUUID": "6ded940c-82f6-463a-9497-83d3dc66ab02",
              "isHook": false,
              "skipped": false
            },
            {
              "title": "TC02-Create client",
              "fullTitle": "Assignment1 test suite TC02-Create client",
              "timedOut": null,
              "duration": 3099,
              "state": "passed",
              "speed": "slow",
              "pass": true,
              "fail": false,
              "pending": false,
              "context": null,
              "code": "dashboardFuncs.navigateToClientPage(cy, 'Create Client');\nclientOverviewFuncs.navigateToCreateClient(cy, 'New Client');\nnewClientFuncs.createClient(cy, 'Create Client');",
              "err": {},
              "uuid": "2af1df2c-1640-4986-87ee-ccca70e6c99d",
              "parentUUID": "6ded940c-82f6-463a-9497-83d3dc66ab02",
              "isHook": false,
              "skipped": false
            },
            {
              "title": "TC03-Create bill",
              "fullTitle": "Assignment1 test suite TC03-Create bill",
              "timedOut": null,
              "duration": 2125,
              "state": "passed",
              "speed": "slow",
              "pass": true,
              "fail": false,
              "pending": false,
              "context": null,
              "code": "dashboardFuncs.navigateToBillPage(cy, 'Create Bill');\nbillOverviewFuncs.navigateToCreateBill(cy, 'New Bill');\nnewBillFuncs.createBill(cy, 'Create Bill');",
              "err": {},
              "uuid": "9d9397bd-51c6-4886-bdf8-173ee2b683a7",
              "parentUUID": "6ded940c-82f6-463a-9497-83d3dc66ab02",
              "isHook": false,
              "skipped": false
            },
            {
              "title": "TC04-Create reservation",
              "fullTitle": "Assignment1 test suite TC04-Create reservation",
              "timedOut": null,
              "duration": 6358,
              "state": "passed",
              "speed": "slow",
              "pass": true,
              "fail": false,
              "pending": false,
              "context": null,
              "code": "dashboardFuncs.navigateToRoomPage(cy, 'Create Room');\nroomOverviewFuncs.navigateToCreateRoom(cy, 'New Room');\nnewReservationFuncs.createReservation(cy);",
              "err": {},
              "uuid": "c24f8687-49ae-43bb-ae16-713df116ffeb",
              "parentUUID": "6ded940c-82f6-463a-9497-83d3dc66ab02",
              "isHook": false,
              "skipped": false
            },
            {
              "title": "TC05-Delete room",
              "fullTitle": "Assignment1 test suite TC05-Delete room",
              "timedOut": null,
              "duration": 3098,
              "state": "passed",
              "speed": "slow",
              "pass": true,
              "fail": false,
              "pending": false,
              "context": null,
              "code": "dashboardFuncs.navigateToRoomPage(cy, 'Create Room');\nroomOverviewFuncs.navigateToCreateRoom(cy, 'New Room');\nnewRoomFuncs.createRoom(cy, 'Create Room');\nroomOverviewFuncs.deleteRoom(cy, 'Create Room');",
              "err": {},
              "uuid": "58ff101a-8bf9-43a6-a8ff-644978fc42fb",
              "parentUUID": "6ded940c-82f6-463a-9497-83d3dc66ab02",
              "isHook": false,
              "skipped": false
            },
            {
              "title": "TC06-Delete client",
              "fullTitle": "Assignment1 test suite TC06-Delete client",
              "timedOut": null,
              "duration": 3005,
              "state": "passed",
              "speed": "slow",
              "pass": true,
              "fail": false,
              "pending": false,
              "context": null,
              "code": "dashboardFuncs.navigateToClientPage(cy, 'Create Client');\nclientOverviewFuncs.navigateToCreateClient(cy, 'New Client');\nnewClientFuncs.createClient(cy, 'Create Client');\nclientOverviewFuncs.deleteClient(cy, 'Create Client');",
              "err": {},
              "uuid": "a9aaf540-662f-4c1b-ab21-84cf5319d556",
              "parentUUID": "6ded940c-82f6-463a-9497-83d3dc66ab02",
              "isHook": false,
              "skipped": false
            },
            {
              "title": "TC07-Delete bill",
              "fullTitle": "Assignment1 test suite TC07-Delete bill",
              "timedOut": null,
              "duration": 2309,
              "state": "passed",
              "speed": "slow",
              "pass": true,
              "fail": false,
              "pending": false,
              "context": null,
              "code": "dashboardFuncs.navigateToBillPage(cy, 'Create Bill');\nbillOverviewFuncs.navigateToCreateBill(cy, 'New Bill');\nnewBillFuncs.createBill(cy, 'Create Bill');\nbillOverviewFuncs.deleteBill(cy, 'Create Bill');",
              "err": {},
              "uuid": "61b97b9d-694d-4988-a447-c7b28aa58593",
              "parentUUID": "6ded940c-82f6-463a-9497-83d3dc66ab02",
              "isHook": false,
              "skipped": false
            },
            {
              "title": "TC08-Delete reservation",
              "fullTitle": "Assignment1 test suite TC08-Delete reservation",
              "timedOut": null,
              "duration": 6634,
              "state": "passed",
              "speed": "slow",
              "pass": true,
              "fail": false,
              "pending": false,
              "context": null,
              "code": "dashboardFuncs.navigateToRoomPage(cy, 'Create Room');\nroomOverviewFuncs.navigateToCreateRoom(cy, 'New Room');\nnewReservationFuncs.createReservation(cy);\nreservationOverviewFuncs.deleteReservation(cy, 'Create Reservation');",
              "err": {},
              "uuid": "80e59f17-0c79-42c2-aae0-cb36203cb0e2",
              "parentUUID": "6ded940c-82f6-463a-9497-83d3dc66ab02",
              "isHook": false,
              "skipped": false
            }
          ],
          "suites": [],
          "passes": [
            "be94ef7f-7ceb-477a-8982-07ad580a09e9",
            "2af1df2c-1640-4986-87ee-ccca70e6c99d",
            "9d9397bd-51c6-4886-bdf8-173ee2b683a7",
            "c24f8687-49ae-43bb-ae16-713df116ffeb",
            "58ff101a-8bf9-43a6-a8ff-644978fc42fb",
            "a9aaf540-662f-4c1b-ab21-84cf5319d556",
            "61b97b9d-694d-4988-a447-c7b28aa58593",
            "80e59f17-0c79-42c2-aae0-cb36203cb0e2"
          ],
          "failures": [],
          "pending": [],
          "skipped": [],
          "duration": 29815,
          "root": false,
          "rootEmpty": false,
          "_timeout": 2000
        }
      ],
      "passes": [],
      "failures": [],
      "pending": [],
      "skipped": [],
      "duration": 0,
      "root": true,
      "rootEmpty": true,
      "_timeout": 2000
    }
  ],
  "meta": {
    "mocha": {
      "version": "7.0.1"
    },
    "mochawesome": {
      "options": {
        "quiet": false,
        "reportFilename": "mochawesome",
        "saveHtml": true,
        "saveJson": true,
        "consoleReporter": "spec",
        "useInlineDiffs": false,
        "code": true
      },
      "version": "6.1.1"
    },
    "marge": {
      "options": null,
      "version": "5.1.0"
    }
  }
}