{
  "stats": {
    "suites": 1,
    "tests": 8,
    "passes": 8,
    "pending": 0,
    "failures": 0,
    "start": "2020-10-28T10:23:59.980Z",
    "end": "2020-10-28T10:24:33.138Z",
    "duration": 33158,
    "testsRegistered": 8,
    "passPercent": 100,
    "pendingPercent": 0,
    "other": 0,
    "hasOther": false,
    "skipped": 0,
    "hasSkipped": false
  },
  "results": [
    {
      "uuid": "7ae3afb8-8d92-477a-b8a4-17927a363324",
      "title": "",
      "fullFile": "cypress/integration/assignment1-test-suite.spec.js",
      "file": "cypress/integration/assignment1-test-suite.spec.js",
      "beforeHooks": [],
      "afterHooks": [],
      "tests": [],
      "suites": [
        {
          "uuid": "72a6fe4a-eda4-4ecd-bd61-b82175646d15",
          "title": "Assignment1 test suite",
          "fullFile": "",
          "file": "",
          "beforeHooks": [],
          "afterHooks": [],
          "tests": [
            {
              "title": "TC01-Create room",
              "fullTitle": "Assignment1 test suite TC01-Create room",
              "timedOut": null,
              "duration": 3079,
              "state": "passed",
              "speed": "slow",
              "pass": true,
              "fail": false,
              "pending": false,
              "context": null,
              "code": "dashboardFuncs.navigateToRoomPage(cy, 'Create Room');\nroomOverviewFuncs.navigateToCreateRoom(cy, 'New Room');\nnewRoomFuncs.createRoom(cy, 'Create Room');",
              "err": {},
              "uuid": "b2281671-032c-4dc9-97c4-fc28d79686be",
              "parentUUID": "72a6fe4a-eda4-4ecd-bd61-b82175646d15",
              "isHook": false,
              "skipped": false
            },
            {
              "title": "TC02-Create client",
              "fullTitle": "Assignment1 test suite TC02-Create client",
              "timedOut": null,
              "duration": 2806,
              "state": "passed",
              "speed": "slow",
              "pass": true,
              "fail": false,
              "pending": false,
              "context": null,
              "code": "dashboardFuncs.navigateToClientPage(cy, 'Create Client');\nclientOverviewFuncs.navigateToCreateClient(cy, 'New Client');\nnewClientFuncs.createClient(cy, 'Create Client');",
              "err": {},
              "uuid": "3199cecf-8518-4d16-8020-0e55e5a8ac21",
              "parentUUID": "72a6fe4a-eda4-4ecd-bd61-b82175646d15",
              "isHook": false,
              "skipped": false
            },
            {
              "title": "TC03-Create bill",
              "fullTitle": "Assignment1 test suite TC03-Create bill",
              "timedOut": null,
              "duration": 2227,
              "state": "passed",
              "speed": "slow",
              "pass": true,
              "fail": false,
              "pending": false,
              "context": null,
              "code": "dashboardFuncs.navigateToBillPage(cy, 'Create Bill');\nbillOverviewFuncs.navigateToCreateBill(cy, 'New Bill');\nnewBillFuncs.createBill(cy, 'Create Bill');",
              "err": {},
              "uuid": "13410785-d3a6-4d1d-87af-b5d94062c21f",
              "parentUUID": "72a6fe4a-eda4-4ecd-bd61-b82175646d15",
              "isHook": false,
              "skipped": false
            },
            {
              "title": "TC04-Create reservation",
              "fullTitle": "Assignment1 test suite TC04-Create reservation",
              "timedOut": null,
              "duration": 6609,
              "state": "passed",
              "speed": "slow",
              "pass": true,
              "fail": false,
              "pending": false,
              "context": null,
              "code": "dashboardFuncs.navigateToRoomPage(cy, 'Create Room');\nroomOverviewFuncs.navigateToCreateRoom(cy, 'New Room');\nnewReservationFuncs.createReservation(cy);",
              "err": {},
              "uuid": "a8a2996a-0064-4c4c-acb8-5dc9c0fab704",
              "parentUUID": "72a6fe4a-eda4-4ecd-bd61-b82175646d15",
              "isHook": false,
              "skipped": false
            },
            {
              "title": "TC05-Delete room",
              "fullTitle": "Assignment1 test suite TC05-Delete room",
              "timedOut": null,
              "duration": 2948,
              "state": "passed",
              "speed": "slow",
              "pass": true,
              "fail": false,
              "pending": false,
              "context": null,
              "code": "dashboardFuncs.navigateToRoomPage(cy, 'Create Room');\nroomOverviewFuncs.navigateToCreateRoom(cy, 'New Room');\nnewRoomFuncs.createRoom(cy, 'Create Room');\nroomOverviewFuncs.deleteRoom(cy, 'Create Room');",
              "err": {},
              "uuid": "c0e8dafd-1044-4e7e-9ad9-bda2680245aa",
              "parentUUID": "72a6fe4a-eda4-4ecd-bd61-b82175646d15",
              "isHook": false,
              "skipped": false
            },
            {
              "title": "TC06-Delete client",
              "fullTitle": "Assignment1 test suite TC06-Delete client",
              "timedOut": null,
              "duration": 3185,
              "state": "passed",
              "speed": "slow",
              "pass": true,
              "fail": false,
              "pending": false,
              "context": null,
              "code": "dashboardFuncs.navigateToClientPage(cy, 'Create Client');\nclientOverviewFuncs.navigateToCreateClient(cy, 'New Client');\nnewClientFuncs.createClient(cy, 'Create Client');\nclientOverviewFuncs.deleteClient(cy, 'Create Client');",
              "err": {},
              "uuid": "b18d3b36-90ce-4e46-a663-34ccc0b28025",
              "parentUUID": "72a6fe4a-eda4-4ecd-bd61-b82175646d15",
              "isHook": false,
              "skipped": false
            },
            {
              "title": "TC07-Delete bill",
              "fullTitle": "Assignment1 test suite TC07-Delete bill",
              "timedOut": null,
              "duration": 2199,
              "state": "passed",
              "speed": "slow",
              "pass": true,
              "fail": false,
              "pending": false,
              "context": null,
              "code": "dashboardFuncs.navigateToBillPage(cy, 'Create Bill');\nbillOverviewFuncs.navigateToCreateBill(cy, 'New Bill');\nnewBillFuncs.createBill(cy, 'Create Bill');\nbillOverviewFuncs.deleteBill(cy, 'Create Bill');",
              "err": {},
              "uuid": "d587f79f-468f-43fe-b8d2-9a02a208ba9d",
              "parentUUID": "72a6fe4a-eda4-4ecd-bd61-b82175646d15",
              "isHook": false,
              "skipped": false
            },
            {
              "title": "TC08-Delete reservation",
              "fullTitle": "Assignment1 test suite TC08-Delete reservation",
              "timedOut": null,
              "duration": 6504,
              "state": "passed",
              "speed": "slow",
              "pass": true,
              "fail": false,
              "pending": false,
              "context": null,
              "code": "dashboardFuncs.navigateToRoomPage(cy, 'Create Room');\nroomOverviewFuncs.navigateToCreateRoom(cy, 'New Room');\nnewReservationFuncs.createReservation(cy);\nreservationOverviewFuncs.deleteReservation(cy, 'Create Reservation');",
              "err": {},
              "uuid": "fd3abb75-f215-4f81-8981-c3af13b9ca98",
              "parentUUID": "72a6fe4a-eda4-4ecd-bd61-b82175646d15",
              "isHook": false,
              "skipped": false
            }
          ],
          "suites": [],
          "passes": [
            "b2281671-032c-4dc9-97c4-fc28d79686be",
            "3199cecf-8518-4d16-8020-0e55e5a8ac21",
            "13410785-d3a6-4d1d-87af-b5d94062c21f",
            "a8a2996a-0064-4c4c-acb8-5dc9c0fab704",
            "c0e8dafd-1044-4e7e-9ad9-bda2680245aa",
            "b18d3b36-90ce-4e46-a663-34ccc0b28025",
            "d587f79f-468f-43fe-b8d2-9a02a208ba9d",
            "fd3abb75-f215-4f81-8981-c3af13b9ca98"
          ],
          "failures": [],
          "pending": [],
          "skipped": [],
          "duration": 29557,
          "root": false,
          "rootEmpty": false,
          "_timeout": 2000
        }
      ],
      "passes": [],
      "failures": [],
      "pending": [],
      "skipped": [],
      "duration": 0,
      "root": true,
      "rootEmpty": true,
      "_timeout": 2000
    }
  ],
  "meta": {
    "mocha": {
      "version": "7.0.1"
    },
    "mochawesome": {
      "options": {
        "quiet": false,
        "reportFilename": "mochawesome",
        "saveHtml": true,
        "saveJson": true,
        "consoleReporter": "spec",
        "useInlineDiffs": false,
        "code": true
      },
      "version": "6.1.1"
    },
    "marge": {
      "options": null,
      "version": "5.1.0"
    }
  }
}